<?xml version="1.0" encoding="UTF-8"?>
<!-- Generated by org.testng.reporters.JUnitXMLReporter -->
<testsuite ignored="0" hostname="LAPTOP-N9LPVCRE" failures="1" tests="2" name="Test2" time="25.118" errors="0" timestamp="2021-05-09T18:12:04 IST">
  <testcase classname="Academy.E2EProject.HomePage" name="basePackageNavigation" time="25.023"/>
  <testcase classname="Academy.E2EProject.HomePage" name="basePackageNavigation" time="25.037">
    <failure type="java.lang.NullPointerException" message="Cannot invoke &amp;quot;org.openqa.selenium.TakesScreenshot.getScreenshotAs(org.openqa.selenium.OutputType)&amp;quot; because &amp;quot;this.driver&amp;quot; is null">
      <![CDATA[java.lang.NullPointerException: Cannot invoke "org.openqa.selenium.TakesScreenshot.getScreenshotAs(org.openqa.selenium.OutputType)" because "this.driver" is null
at resources.base.getScreenshot(base.java:54)
at Academy.E2EProject.Mylistners.onTestSuccess(Mylistners.java:33)
at java.base/java.util.ArrayList.forEach(ArrayList.java:1511)
... Removed 24 stack frames]]>
    </failure>
  </testcase> <!-- basePackageNavigation -->
</testsuite> <!-- Test2 -->
